20/04/02 14:53:02 INFO TextDataConvertor: Dataset: fair_recommender/data/ratings.csv
20/04/02 14:53:02 INFO TextDataConvertor: All dataset files [fair_recommender/data/ratings.csv]
20/04/02 14:53:02 INFO TextDataConvertor: All dataset files size 8678476
20/04/02 14:53:02 INFO TextDataConvertor: Now loading dataset file ratings
20/04/02 14:53:04 INFO TextDataModel: Transform data to Convertor successfully!
20/04/02 14:53:05 INFO TextDataModel: Split data to train Set and test Set successfully!
20/04/02 14:53:05 INFO TextDataModel: Feature appender loaded successfully!
20/04/02 14:53:05 INFO RecommenderJob: SplitCMD: START - Splitting training and testing.
20/04/02 14:53:05 INFO RecommenderJob: SplitCMD: Splitting training and testing with 0.8% ratio on fold 1.
20/04/02 14:53:05 INFO TextDataModel: Split data to train Set and test Set successfully!
20/04/02 14:53:06 INFO RecommenderJob: ExpCMD: START - Executing recommender job on 2.
20/04/02 14:53:06 INFO TextDataModel: Split data to train Set and test Set successfully!
20/04/02 14:53:06 INFO NMFRecommender: Job Setup completed.
20/04/02 14:53:06 INFO NMFRecommender: NMFRecommender iter 0: loss = 0.0, delta_loss = 0.0
20/04/02 14:53:06 INFO NMFRecommender: NMFRecommender iter 1: loss = 0.0, delta_loss = 0.0
20/04/02 14:53:06 INFO NMFRecommender: NMFRecommender iter 2: loss = 0.0, delta_loss = 0.0
20/04/02 14:53:06 INFO NMFRecommender: NMFRecommender iter 3: loss = 0.0, delta_loss = 0.0
20/04/02 14:53:06 INFO NMFRecommender: NMFRecommender iter 4: loss = 0.0, delta_loss = 0.0
20/04/02 14:53:06 INFO NMFRecommender: NMFRecommender iter 5: loss = 0.0, delta_loss = 0.0
20/04/02 14:53:06 INFO NMFRecommender: NMFRecommender iter 6: loss = 0.0, delta_loss = 0.0
20/04/02 14:53:06 INFO NMFRecommender: NMFRecommender iter 7: loss = 0.0, delta_loss = 0.0
20/04/02 14:53:06 INFO NMFRecommender: NMFRecommender iter 8: loss = 0.0, delta_loss = 0.0
20/04/02 14:53:06 INFO NMFRecommender: NMFRecommender iter 9: loss = 0.0, delta_loss = 0.0
20/04/02 14:53:06 INFO NMFRecommender: NMFRecommender iter 10: loss = 0.0, delta_loss = 0.0
20/04/02 14:53:06 INFO NMFRecommender: Job Train completed.
20/04/02 14:53:11 INFO NMFRecommender: Job End.
20/04/02 14:53:11 INFO RecommenderJob: ExpCMD: COMPLETE
20/04/02 14:53:11 INFO RecommenderJob: EvalCMD: START
20/04/02 14:53:11 INFO RecommenderJob: Evaluator info:StatisticalParityEvaluator is 1.0551851293952224
not-protected
77.73080464729911
protected
60.261807554742006
20/04/02 14:53:11 INFO RecommenderJob: Evaluator info:DiscountedProportionalPFairnessEvaluator is -2.0233078530084594
20/04/02 14:53:11 INFO RecommenderJob: Evaluator info:PrecisionEvaluator is 0.005933333333333366
20/04/02 14:53:12 INFO RecommenderJob: Evaluator info:RecallEvaluator is 4.877334743089933E-4
20/04/02 14:53:12 INFO RecommenderJob: Result path is fair_recommender/exp00000/result/out-1.txt
20/04/02 14:53:12 INFO RecommenderJob: EvalCMD: COMPLETE.
